Using pre-set license
Built from '2023.2/china_unity/20f1' branch; Version is '2023.2.20f1c1 (ceda3f59bbc9) revision 13556287'; Using compiler version '193431935'; Build Type 'Release'
OS: 'Windows 11  (10.0.22000) 64bit CoreCountrySpecific' Language: 'zh' Physical Memory: 16236 MB
BatchMode: 1, IsHumanControllingUs: 0, StartBugReporterOnCrash: 0, Is64bit: 1, IsPro: 1

COMMAND LINE ARGUMENTS:
D:\Unity\2023.2.20f1c1\Editor\Unity.exe
-adb2
-batchMode
-noUpm
-name
AssetImportWorker1
-projectPath
F:/Workspace/UnityProjects/PlaneFight
-logFile
Logs/AssetImportWorker1.log
-srvPort
2912
-job-worker-count
7
-background-job-worker-count
8
-asset-garbage-collectors
1
Successfully changed project path to: F:/Workspace/UnityProjects/PlaneFight
F:/Workspace/UnityProjects/PlaneFight
[UnityMemory] Configuration Parameters - Can be set up in boot.config
    "memorysetup-bucket-allocator-granularity=16"
    "memorysetup-bucket-allocator-bucket-count=8"
    "memorysetup-bucket-allocator-block-size=33554432"
    "memorysetup-bucket-allocator-block-count=8"
    "memorysetup-main-allocator-block-size=16777216"
    "memorysetup-thread-allocator-block-size=16777216"
    "memorysetup-gfx-main-allocator-block-size=16777216"
    "memorysetup-gfx-thread-allocator-block-size=16777216"
    "memorysetup-cache-allocator-block-size=4194304"
    "memorysetup-typetree-allocator-block-size=2097152"
    "memorysetup-profiler-bucket-allocator-granularity=16"
    "memorysetup-profiler-bucket-allocator-bucket-count=8"
    "memorysetup-profiler-bucket-allocator-block-size=33554432"
    "memorysetup-profiler-bucket-allocator-block-count=8"
    "memorysetup-profiler-allocator-block-size=16777216"
    "memorysetup-profiler-editor-allocator-block-size=1048576"
    "memorysetup-temp-allocator-size-main=16777216"
    "memorysetup-job-temp-allocator-block-size=2097152"
    "memorysetup-job-temp-allocator-block-size-background=1048576"
    "memorysetup-job-temp-allocator-reduction-small-platforms=262144"
    "memorysetup-allocator-temp-initial-block-size-main=262144"
    "memorysetup-allocator-temp-initial-block-size-worker=262144"
    "memorysetup-temp-allocator-size-background-worker=32768"
    "memorysetup-temp-allocator-size-job-worker=262144"
    "memorysetup-temp-allocator-size-preload-manager=33554432"
    "memorysetup-temp-allocator-size-nav-mesh-worker=65536"
    "memorysetup-temp-allocator-size-audio-worker=65536"
    "memorysetup-temp-allocator-size-cloud-worker=32768"
    "memorysetup-temp-allocator-size-gi-baking-worker=262144"
    "memorysetup-temp-allocator-size-gi-baking-worker=262144"
    "memorysetup-temp-allocator-size-gi-baking-worker=262144"
    "memorysetup-temp-allocator-size-gi-baking-worker=262144"
    "memorysetup-temp-allocator-size-gfx=262144"
Player connection [16320] Host "[IP] 10.11.167.33 [Port] 0 [Flags] 2 [Guid] 2997096363 [EditorId] 2997096363 [Version] 1048832 [Id] WindowsEditor(7,LAPTOP-67TCNK7O) [Debug] 1 [PackageName] WindowsEditor [ProjectName] Editor" joined multi-casting on [225.0.0.222:54997]...
Player connection [16320] Host "[IP] 10.11.167.33 [Port] 0 [Flags] 2 [Guid] 2997096363 [EditorId] 2997096363 [Version] 1048832 [Id] WindowsEditor(7,LAPTOP-67TCNK7O) [Debug] 1 [PackageName] WindowsEditor [ProjectName] Editor" joined alternative multi-casting on [225.0.0.222:34997]...
JobSystem: Creating JobQueue using job-worker-count value 7
[Physics::Module] Initialized MultithreadedJobDispatcher with 7 workers.
Library Redirect Path: Library/
Refreshing native plugins compatible for Editor in 2.71 ms, found 4 plugins.
Preloading 0 native plugins for Editor in 0.00 ms.
Initialize engine version: 2023.2.20f1c1 (ceda3f59bbc9)
[Subsystems] Discovering subsystems at path D:/Unity/2023.2.20f1c1/Editor/Data/Resources/UnitySubsystems
[Subsystems] Discovering subsystems at path F:/Workspace/UnityProjects/PlaneFight/Assets
GfxDevice: creating device client; kGfxThreadingModeNonThreaded
Direct3D:
    Version:  Direct3D 11.0 [level 11.1]
    Renderer: NVIDIA GeForce RTX 3060 Laptop GPU (ID=0x2560)
    Vendor:   NVIDIA
    VRAM:     5996 MB
    Driver:   32.0.15.6094
Initialize mono
Mono path[0] = 'D:/Unity/2023.2.20f1c1/Editor/Data/Managed'
Mono path[1] = 'D:/Unity/2023.2.20f1c1/Editor/Data/MonoBleedingEdge/lib/mono/unityjit-win32'
Mono config path = 'D:/Unity/2023.2.20f1c1/Editor/Data/MonoBleedingEdge/etc'
Using monoOptions --debugger-agent=transport=dt_socket,embedding=1,server=y,suspend=n,address=127.0.0.1:56324
Begin MonoManager ReloadAssembly
Registering precompiled unity dll's ...
Register platform support module: D:/Unity/2023.2.20f1c1/Editor/Data/PlaybackEngines/WindowsStandaloneSupport/UnityEditor.WindowsStandalone.Extensions.dll
Register platform support module: D:/Unity/2023.2.20f1c1/Editor/Data/PlaybackEngines/AndroidPlayer/UnityEditor.Android.Extensions.dll
Registered in 0.004648 seconds.
- Loaded All Assemblies, in  0.500 seconds
Native extension for Android target not found
Android Extension - Scanning For ADB Devices 329 ms
Native extension for WindowsStandalone target not found
Mono: successfully reloaded assembly
- Finished resetting the current domain, in  0.730 seconds
Domain Reload Profiling: 1230ms
	BeginReloadAssembly (205ms)
		ExecutionOrderSort (0ms)
		DisableScriptedObjects (0ms)
		BackupInstance (0ms)
		ReleaseScriptingObjects (0ms)
		CreateAndSetChildDomain (1ms)
	RebuildCommonClasses (38ms)
	RebuildNativeTypeToScriptingClass (12ms)
	initialDomainReloadingComplete (53ms)
	LoadAllAssembliesAndSetupDomain (191ms)
		LoadAssemblies (206ms)
		RebuildTransferFunctionScriptingTraits (0ms)
		AnalyzeDomain (187ms)
			TypeCache.Refresh (186ms)
				TypeCache.ScanAssembly (171ms)
			BuildScriptInfoCaches (0ms)
			ResolveRequiredComponents (0ms)
	FinalizeReload (731ms)
		ReleaseScriptCaches (0ms)
		RebuildScriptCaches (0ms)
		SetupLoadedEditorAssemblies (682ms)
			LogAssemblyErrors (0ms)
			InitializePlatformSupportModulesInManaged (440ms)
			SetLoadedEditorAssemblies (4ms)
			BeforeProcessingInitializeOnLoad (5ms)
			ProcessInitializeOnLoadAttributes (172ms)
			ProcessInitializeOnLoadMethodAttributes (61ms)
			AfterProcessingInitializeOnLoad (0ms)
			EditorAssembliesLoaded (0ms)
		ExecutionOrderSort2 (0ms)
		AwakeInstancesAfterBackupRestoration (0ms)
========================================================================
Worker process is ready to serve import requests
Import Worker Mode flag is 0x00
Begin MonoManager ReloadAssembly
Symbol file LoadedFromMemory doesn't match image F:\Workspace\UnityProjects\PlaneFight\Library\PackageCache\com.unity.visualscripting@1.8.0\Editor\VisualScripting.Core\Dependencies\YamlDotNet\Unity.VisualScripting.YamlDotNet.dll
Symbol file LoadedFromMemory doesn't match image F:\Workspace\UnityProjects\PlaneFight\Library\PackageCache\com.unity.visualscripting@1.8.0\Editor\VisualScripting.Core\Dependencies\DotNetZip\Unity.VisualScripting.IonicZip.dll
- Loaded All Assemblies, in  1.002 seconds
Refreshing native plugins compatible for Editor in 1.92 ms, found 4 plugins.
Native extension for Android target not found
Native extension for WindowsStandalone target not found
Refreshing native plugins compatible for Editor in 2.04 ms, found 4 plugins.
Mono: successfully reloaded assembly
- Finished resetting the current domain, in  0.875 seconds
Domain Reload Profiling: 1876ms
	BeginReloadAssembly (455ms)
		ExecutionOrderSort (0ms)
		DisableScriptedObjects (6ms)
		BackupInstance (0ms)
		ReleaseScriptingObjects (0ms)
		CreateAndSetChildDomain (37ms)
	RebuildCommonClasses (41ms)
	RebuildNativeTypeToScriptingClass (17ms)
	initialDomainReloadingComplete (39ms)
	LoadAllAssembliesAndSetupDomain (449ms)
		LoadAssemblies (429ms)
		RebuildTransferFunctionScriptingTraits (0ms)
		AnalyzeDomain (191ms)
			TypeCache.Refresh (159ms)
				TypeCache.ScanAssembly (142ms)
			BuildScriptInfoCaches (25ms)
			ResolveRequiredComponents (4ms)
	FinalizeReload (875ms)
		ReleaseScriptCaches (0ms)
		RebuildScriptCaches (0ms)
		SetupLoadedEditorAssemblies (646ms)
			LogAssemblyErrors (0ms)
			InitializePlatformSupportModulesInManaged (20ms)
			SetLoadedEditorAssemblies (3ms)
			BeforeProcessingInitializeOnLoad (44ms)
			ProcessInitializeOnLoadAttributes (534ms)
			ProcessInitializeOnLoadMethodAttributes (42ms)
			AfterProcessingInitializeOnLoad (2ms)
			EditorAssembliesLoaded (0ms)
		ExecutionOrderSort2 (0ms)
		AwakeInstancesAfterBackupRestoration (12ms)
Launched and connected shader compiler UnityShaderCompiler.exe after 0.01 seconds
Refreshing native plugins compatible for Editor in 1.87 ms, found 4 plugins.
Preloading 0 native plugins for Editor in 0.00 ms.
Unloading 29 Unused Serialized files (Serialized files now loaded: 0)
Unloading 4216 unused Assets / (1.4 MB). Loaded Objects now: 4807.
Memory consumption went from 114.1 MB to 112.6 MB.
Total: 9.037100 ms (FindLiveObjects: 0.548400 ms CreateObjectMapping: 0.533300 ms MarkObjects: 5.970700 ms  DeleteObjects: 1.982900 ms)

========================================================================
Received Import Request.
  Time since last request: 1313.652017 seconds.
  path: Assets/Images/progress.png
  artifactKey: Guid(6faefeca3166a6846852883b431119b0) Importer(815301076,1909f56bfc062723c751e8b465ee728b)
Start importing Assets/Images/progress.png using Guid(6faefeca3166a6846852883b431119b0) Importer(815301076,1909f56bfc062723c751e8b465ee728b) (PreviewImporter) -> (artifact id: 'dda9481cf9759934b5336c60832753f9') in 0.0856799 seconds
Number of updated asset objects reloaded before import = 0Number of asset objects unloaded after import = 3

========================================================================
Received Import Request.
  Time since last request: 0.000020 seconds.
  path: Assets/Images/loading.png
  artifactKey: Guid(59d64724fe64f294e85d7abe4c3e2aac) Importer(815301076,1909f56bfc062723c751e8b465ee728b)
Start importing Assets/Images/loading.png using Guid(59d64724fe64f294e85d7abe4c3e2aac) Importer(815301076,1909f56bfc062723c751e8b465ee728b) (PreviewImporter) -> (artifact id: 'babc1319fba030a1476f8c5963f029e0') in 0.0121758 seconds
Number of updated asset objects reloaded before import = 0Number of asset objects unloaded after import = 3

========================================================================
Received Import Request.
  Time since last request: 0.000034 seconds.
  path: Assets/Images/game_resume_nor.png
  artifactKey: Guid(b65a45a32a41eed44bf37564be7923c7) Importer(815301076,1909f56bfc062723c751e8b465ee728b)
Start importing Assets/Images/game_resume_nor.png using Guid(b65a45a32a41eed44bf37564be7923c7) Importer(815301076,1909f56bfc062723c751e8b465ee728b) (PreviewImporter) -> (artifact id: '9065344e5453f2f9326c34812403abde') in 0.0088171 seconds
Number of updated asset objects reloaded before import = 0Number of asset objects unloaded after import = 3

========================================================================
Received Import Request.
  Time since last request: 0.000016 seconds.
  path: Assets/Images/resume_sel.png
  artifactKey: Guid(dafc24fa2311ed0408509cf49cd66887) Importer(815301076,1909f56bfc062723c751e8b465ee728b)
Start importing Assets/Images/resume_sel.png using Guid(dafc24fa2311ed0408509cf49cd66887) Importer(815301076,1909f56bfc062723c751e8b465ee728b) (PreviewImporter) -> (artifact id: 'ad78362b8447bb294d5b45e9cf624d53') in 0.0092219 seconds
Number of updated asset objects reloaded before import = 0Number of asset objects unloaded after import = 3

========================================================================
Received Import Request.
  Time since last request: 0.000024 seconds.
  path: Assets/Images/gameover.png
  artifactKey: Guid(9749248fb4d9261409909a5264c3907d) Importer(815301076,1909f56bfc062723c751e8b465ee728b)
Start importing Assets/Images/gameover.png using Guid(9749248fb4d9261409909a5264c3907d) Importer(815301076,1909f56bfc062723c751e8b465ee728b) (PreviewImporter) -> (artifact id: 'f8bf288294c8cb5897a170803b5a8ee6') in 0.0102251 seconds
Number of updated asset objects reloaded before import = 0Number of asset objects unloaded after import = 3

========================================================================
Received Import Request.
  Time since last request: 0.000019 seconds.
  path: Assets/Images/game_loading4.png
  artifactKey: Guid(18ef7ebbb6488504982c1815790d4897) Importer(815301076,1909f56bfc062723c751e8b465ee728b)
Start importing Assets/Images/game_loading4.png using Guid(18ef7ebbb6488504982c1815790d4897) Importer(815301076,1909f56bfc062723c751e8b465ee728b) (PreviewImporter) -> (artifact id: 'd113dcfddd97339d4ebe743e2625af2b') in 0.0082845 seconds
Number of updated asset objects reloaded before import = 0Number of asset objects unloaded after import = 3

========================================================================
Received Import Request.
  Time since last request: 0.000034 seconds.
  path: Assets/Images/name.png
  artifactKey: Guid(406e9df662797414d88ef39ccd14c54d) Importer(815301076,1909f56bfc062723c751e8b465ee728b)
Start importing Assets/Images/name.png using Guid(406e9df662797414d88ef39ccd14c54d) Importer(815301076,1909f56bfc062723c751e8b465ee728b) (PreviewImporter) -> (artifact id: '7a557980b660e6366e4bab3755c06089') in 0.0095865 seconds
Number of updated asset objects reloaded before import = 0Number of asset objects unloaded after import = 3

========================================================================
Received Import Request.
  Time since last request: 0.000018 seconds.
  path: Assets/Images/icon72x72.png
  artifactKey: Guid(e3ffd3cc79b3eea4792d16cf64b743df) Importer(815301076,1909f56bfc062723c751e8b465ee728b)
Start importing Assets/Images/icon72x72.png using Guid(e3ffd3cc79b3eea4792d16cf64b743df) Importer(815301076,1909f56bfc062723c751e8b465ee728b) (PreviewImporter) -> (artifact id: 'bd0532330485bc5229bb7f61ac8c3b06') in 0.0093444 seconds
Number of updated asset objects reloaded before import = 0Number of asset objects unloaded after import = 3

========================================================================
Received Import Request.
  Time since last request: 0.765591 seconds.
  path: Assets/Images/enemy2_down3.png
  artifactKey: Guid(b5d12b83ef653794680e477c551483c2) Importer(815301076,1909f56bfc062723c751e8b465ee728b)
Start importing Assets/Images/enemy2_down3.png using Guid(b5d12b83ef653794680e477c551483c2) Importer(815301076,1909f56bfc062723c751e8b465ee728b) (PreviewImporter) -> (artifact id: 'b0eac11cb8e4e8dd476162d77b030296') in 0.011976 seconds
Number of updated asset objects reloaded before import = 0Number of asset objects unloaded after import = 3

========================================================================
Received Import Request.
  Time since last request: 0.000015 seconds.
  path: Assets/Images/enemy2_hit.png
  artifactKey: Guid(724aa64324cf2eb46a8aa3e6229cc36a) Importer(815301076,1909f56bfc062723c751e8b465ee728b)
Start importing Assets/Images/enemy2_hit.png using Guid(724aa64324cf2eb46a8aa3e6229cc36a) Importer(815301076,1909f56bfc062723c751e8b465ee728b) (PreviewImporter) -> (artifact id: 'fcffc91c8bfea2fc1b3491ffbf07c813') in 0.0093272 seconds
Number of updated asset objects reloaded before import = 0Number of asset objects unloaded after import = 3

========================================================================
Received Import Request.
  Time since last request: 0.000020 seconds.
  path: Assets/Images/enemy2_down4.png
  artifactKey: Guid(a8b14d286b8220f4f9a2c0ee30df2a78) Importer(815301076,1909f56bfc062723c751e8b465ee728b)
Start importing Assets/Images/enemy2_down4.png using Guid(a8b14d286b8220f4f9a2c0ee30df2a78) Importer(815301076,1909f56bfc062723c751e8b465ee728b) (PreviewImporter) -> (artifact id: 'a9cdc0246b59e58f146c7705575dca59') in 0.0098137 seconds
Number of updated asset objects reloaded before import = 0Number of asset objects unloaded after import = 3

========================================================================
Received Import Request.
  Time since last request: 0.000015 seconds.
  path: Assets/Images/game_loading2.png
  artifactKey: Guid(697659a6379d0ba45938e091ebe859a5) Importer(815301076,1909f56bfc062723c751e8b465ee728b)
Start importing Assets/Images/game_loading2.png using Guid(697659a6379d0ba45938e091ebe859a5) Importer(815301076,1909f56bfc062723c751e8b465ee728b) (PreviewImporter) -> (artifact id: 'b96d9c3171bb818728c0e409931914db') in 0.0091028 seconds
Number of updated asset objects reloaded before import = 0Number of asset objects unloaded after import = 3

========================================================================
Received Import Request.
  Time since last request: 0.000018 seconds.
  path: Assets/Images/game_loading1.png
  artifactKey: Guid(ababec94a69be614fac6870d0264f629) Importer(815301076,1909f56bfc062723c751e8b465ee728b)
Start importing Assets/Images/game_loading1.png using Guid(ababec94a69be614fac6870d0264f629) Importer(815301076,1909f56bfc062723c751e8b465ee728b) (PreviewImporter) -> (artifact id: '47158d6cb55b18e8a704804471e3396a') in 0.009078 seconds
Number of updated asset objects reloaded before import = 0Number of asset objects unloaded after import = 3

========================================================================
Received Import Request.
  Time since last request: 0.106837 seconds.
  path: Assets/Images/enemy0_down4.png
  artifactKey: Guid(14efa3aa98c6a2a4789c2d5df43bdae7) Importer(815301076,1909f56bfc062723c751e8b465ee728b)
Start importing Assets/Images/enemy0_down4.png using Guid(14efa3aa98c6a2a4789c2d5df43bdae7) Importer(815301076,1909f56bfc062723c751e8b465ee728b) (PreviewImporter) -> (artifact id: '18ad9556c11391dea7a031c2179e75d5') in 0.009427 seconds
Number of updated asset objects reloaded before import = 0Number of asset objects unloaded after import = 3

========================================================================
Received Import Request.
  Time since last request: 0.000019 seconds.
  path: Assets/Images/enemy1_down4.png
  artifactKey: Guid(69d5b51ae8537dd479c61bf580dc6e3f) Importer(815301076,1909f56bfc062723c751e8b465ee728b)
Start importing Assets/Images/enemy1_down4.png using Guid(69d5b51ae8537dd479c61bf580dc6e3f) Importer(815301076,1909f56bfc062723c751e8b465ee728b) (PreviewImporter) -> (artifact id: '1a3df20e11708b2ba5f941fe31ab8c70') in 0.011649 seconds
Number of updated asset objects reloaded before import = 0Number of asset objects unloaded after import = 3

========================================================================
Received Import Request.
  Time since last request: 0.000017 seconds.
  path: Assets/Images/enemy2.png
  artifactKey: Guid(19a94b1103243dc47bc7f2c131201793) Importer(815301076,1909f56bfc062723c751e8b465ee728b)
Start importing Assets/Images/enemy2.png using Guid(19a94b1103243dc47bc7f2c131201793) Importer(815301076,1909f56bfc062723c751e8b465ee728b) (PreviewImporter) -> (artifact id: 'a29fcaa00cdec1d481386836214015cf') in 0.0096192 seconds
Number of updated asset objects reloaded before import = 0Number of asset objects unloaded after import = 3

Editor requested this worker to shutdown with reason: Scaling down because of idle timeout
AssetImportWorker is now disconnected from the server
Process exiting
Exiting without the bug reporter. Application will terminate with return code 0